<?xml version="1.0" encoding="UTF-8"?>
<!-- Generated by org.testng.reporters.JUnitReportReporter -->
<testsuite hostname="MacBook-Pro.local" failures="0" tests="2" name="runners.TestRunner" time="120.198" errors="0" timestamp="2025-04-14T21:06:53 PKT" skipped="0">
  <testcase classname="runners.TestRunner" name="runScenario" time="64.421"/>
  <testcase classname="runners.TestRunner" name="runScenario" time="55.777"/>
</testsuite> <!-- runners.TestRunner -->
