<?xml version="1.0" encoding="UTF-8"?>
<!-- Generated by org.testng.reporters.JUnitReportReporter -->
<testsuite hostname="MacBook-Pro.local" failures="0" tests="1" name="tests.BaseClass" time="7.727" errors="0" timestamp="2025-04-12T10:47:08 PKT" skipped="0">
  <testcase classname="tests.BaseClass" name="testAppFlow" time="7.727"/>
</testsuite> <!-- tests.BaseClass -->
